<?xml version="1.0" encoding="UTF-8"?>
<!-- Generated by org.testng.reporters.JUnitReportReporter -->
<testsuite hostname="RajeshBandaru" failures="0" tests="1" name="CICD123.TEST" time="8.993" errors="0" timestamp="2025-04-11T11:08:50 IST" skipped="0">
  <testcase classname="CICD123.TEST" name="print" time="8.993"/>
</testsuite> <!-- CICD123.TEST -->
