<?xml version="1.0" encoding="UTF-8"?>
<!-- Generated by org.testng.reporters.JUnitReportReporter -->
<testsuite hostname="RajeshBandaru" failures="0" tests="1" name="CICD123.appTest" time="4.499" errors="0" timestamp="2025-04-11T15:20:15 IST" skipped="0">
  <testcase classname="CICD123.appTest" name="testSomething" time="4.499"/>
</testsuite> <!-- CICD123.appTest -->
