<?xml version="1.0" encoding="UTF-8"?>
<!-- Generated by org.testng.reporters.JUnitReportReporter -->
<testsuite hostname="RajeshBandaru" failures="0" tests="1" name="CICD123.appTest" time="3.563" errors="0" timestamp="2025-04-11T15:34:15 IST" skipped="0">
  <testcase classname="CICD123.appTest" name="testSomething" time="3.563"/>
</testsuite> <!-- CICD123.appTest -->
